d:\vsproject\areapointer\debug\buildin.lib
d:\vsproject\areapointer\debug\buildin.exp
d:\vsproject\areapointer\buildin\debug\buildin.pch
d:\vsproject\areapointer\buildin\debug\vc142.pdb
d:\vsproject\areapointer\buildin\debug\vc142.idb
d:\vsproject\areapointer\buildin\debug\pch.obj
d:\vsproject\areapointer\buildin\debug\buildin.obj
d:\vsproject\areapointer\debug\buildin.dll
d:\vsproject\areapointer\debug\buildin.ilk
d:\vsproject\areapointer\debug\buildin.pdb
d:\vsproject\areapointer\buildin\debug\buildin.res
d:\vsproject\areapointer\buildin\debug\buildin.tlog\buildin.write.1u.tlog
d:\vsproject\areapointer\buildin\debug\buildin.tlog\cl.command.1.tlog
d:\vsproject\areapointer\buildin\debug\buildin.tlog\cl.read.1.tlog
d:\vsproject\areapointer\buildin\debug\buildin.tlog\cl.write.1.tlog
d:\vsproject\areapointer\buildin\debug\buildin.tlog\link.command.1.tlog
d:\vsproject\areapointer\buildin\debug\buildin.tlog\link.read.1.tlog
d:\vsproject\areapointer\buildin\debug\buildin.tlog\link.write.1.tlog
d:\vsproject\areapointer\buildin\debug\buildin.tlog\rc.command.1.tlog
d:\vsproject\areapointer\buildin\debug\buildin.tlog\rc.read.1.tlog
d:\vsproject\areapointer\buildin\debug\buildin.tlog\rc.write.1.tlog
